<?xml version="1.0" encoding="UTF-8"?>
<testng-results skipped="0" failed="0" ignored="0" total="2" passed="2">
  <reporter-output>
  </reporter-output>
  <suite name="com.qa.TestCases.LoginTest" duration-ms="31496" started-at="2019-08-04T14:06:47Z" finished-at="2019-08-04T14:07:19Z">
    <groups>
    </groups>
    <test name="Command line test" duration-ms="31496" started-at="2019-08-04T14:06:47Z" finished-at="2019-08-04T14:07:19Z">
      <class name="com.qa.TestCases.LoginTest">
        <test-method status="PASS" signature="setUp()[pri:0, instance:com.qa.TestCases.LoginTest@340f438e]" name="setUp" is-config="true" duration-ms="18377" started-at="2019-08-04T19:36:47Z" finished-at="2019-08-04T19:37:06Z">
          <reporter-output>
          </reporter-output>
        </test-method> <!-- setUp -->
        <test-method status="PASS" signature="freeCrmTitleTest()[pri:1, instance:com.qa.TestCases.LoginTest@340f438e]" name="freeCrmTitleTest" duration-ms="18" started-at="2019-08-04T19:37:06Z" finished-at="2019-08-04T19:37:06Z">
          <reporter-output>
          </reporter-output>
        </test-method> <!-- freeCrmTitleTest -->
        <test-method status="PASS" signature="tearDown()[pri:0, instance:com.qa.TestCases.LoginTest@340f438e]" name="tearDown" is-config="true" duration-ms="616" started-at="2019-08-04T19:37:06Z" finished-at="2019-08-04T19:37:06Z">
          <reporter-output>
          </reporter-output>
        </test-method> <!-- tearDown -->
        <test-method status="PASS" signature="setUp()[pri:0, instance:com.qa.TestCases.LoginTest@340f438e]" name="setUp" is-config="true" duration-ms="11767" started-at="2019-08-04T19:37:06Z" finished-at="2019-08-04T19:37:18Z">
          <reporter-output>
          </reporter-output>
        </test-method> <!-- setUp -->
        <test-method status="PASS" signature="freemCRMLogoTest()[pri:2, instance:com.qa.TestCases.LoginTest@340f438e]" name="freemCRMLogoTest" duration-ms="74" started-at="2019-08-04T19:37:18Z" finished-at="2019-08-04T19:37:18Z">
          <reporter-output>
          </reporter-output>
        </test-method> <!-- freemCRMLogoTest -->
        <test-method status="PASS" signature="tearDown()[pri:0, instance:com.qa.TestCases.LoginTest@340f438e]" name="tearDown" is-config="true" duration-ms="615" started-at="2019-08-04T19:37:18Z" finished-at="2019-08-04T19:37:19Z">
          <reporter-output>
          </reporter-output>
        </test-method> <!-- tearDown -->
      </class> <!-- com.qa.TestCases.LoginTest -->
    </test> <!-- Command line test -->
  </suite> <!-- com.qa.TestCases.LoginTest -->
</testng-results>
